2020-05-11 09:57:41 +0000  Initial pipeline context: <IDEDistributionProcessingPipelineContext: 0x7fb40e9ce830; archive(resolved)='<IDEArchive: 0x7fb40bdec760>', distributionTask(resolved)='2', distributionDestination(resolved)='1', distributionMethod(resolved)='<IDEDistributionMethodiOSEnterprise: 0x7fb42308e480>', team(resolved)='<IDEProvisioningDisambiguatableBasicTeam: 0x7fb40b624040; teamID='LW5266U92D', teamName='Guangzhou ZhangTao Network Technology Co., Ltd.', teamType='Enterprise', username='lishuzhi1121@163.com', isFreeProvisioningTeam='0'>'>
	Chain (13, self inclusive):
	<IDEDistributionProcessingPipelineContext: 0x7fb40e9ce830; archive = '<IDEArchive: 0x7fb40bdec760>', distributionMethod='<IDEDistributionMethodiOSEnterprise: 0x7fb42308e480>', team='<IDEProvisioningDisambiguatableBasicTeam: 0x7fb40b624040; teamID='LW5266U92D', teamName='Guangzhou ZhangTao Network Technology Co., Ltd.', teamType='Enterprise', username='lishuzhi1121@163.com', isFreeProvisioningTeam='0'>'>
	<IDEDistributionProcessingPipelineContext: 0x7fb409a28ce0; archive = '<IDEArchive: 0x7fb40bdec760>', distributionMethod='<IDEDistributionMethodiOSEnterprise: 0x7fb42308e480>', team='<IDEProvisioningDisambiguatableBasicTeam: 0x7fb40b624040; teamID='LW5266U92D', teamName='Guangzhou ZhangTao Network Technology Co., Ltd.', teamType='Enterprise', username='lishuzhi1121@163.com', isFreeProvisioningTeam='0'>'>
	<IDEDistributionContext: 0x7fb40c08a160; archive = '<IDEArchive: 0x7fb40bdec760>', distributionMethod='<IDEDistributionMethodiOSEnterprise: 0x7fb42308e480>', team='<IDEProvisioningDisambiguatableBasicTeam: 0x7fb40b624040; teamID='LW5266U92D', teamName='Guangzhou ZhangTao Network Technology Co., Ltd.', teamType='Enterprise', username='lishuzhi1121@163.com', isFreeProvisioningTeam='0'>'>
	<IDEDistributionContext: 0x7fb41cdaa1a0; archive = '<IDEArchive: 0x7fb40bdec760>', distributionMethod='<IDEDistributionMethodiOSEnterprise: 0x7fb42308e480>', team='<IDEProvisioningDisambiguatableBasicTeam: 0x7fb40b624040; teamID='LW5266U92D', teamName='Guangzhou ZhangTao Network Technology Co., Ltd.', teamType='Enterprise', username='lishuzhi1121@163.com', isFreeProvisioningTeam='0'>'>
	<IDEDistributionContext: 0x7fb40aa94d30; archive = '<IDEArchive: 0x7fb40bdec760>', distributionMethod='<IDEDistributionMethodiOSEnterprise: 0x7fb42308e480>', team='<IDEProvisioningDisambiguatableBasicTeam: 0x7fb40b624040; teamID='LW5266U92D', teamName='Guangzhou ZhangTao Network Technology Co., Ltd.', teamType='Enterprise', username='lishuzhi1121@163.com', isFreeProvisioningTeam='0'>'>
	<IDEDistributionContext: 0x7fb40aa11fa0; archive = '<IDEArchive: 0x7fb40bdec760>', distributionMethod='<IDEDistributionMethodiOSEnterprise: 0x7fb42308e480>', team='<IDEProvisioningDisambiguatableBasicTeam: 0x7fb40b624040; teamID='LW5266U92D', teamName='Guangzhou ZhangTao Network Technology Co., Ltd.', teamType='Enterprise', username='lishuzhi1121@163.com', isFreeProvisioningTeam='0'>'>
	<IDEDistributionContext: 0x7fb41d4aa270; archive = '<IDEArchive: 0x7fb40bdec760>', distributionMethod='<IDEDistributionMethodiOSEnterprise: 0x7fb42308e480>', team='<IDEProvisioningDisambiguatableBasicTeam: 0x7fb40b624040; teamID='LW5266U92D', teamName='Guangzhou ZhangTao Network Technology Co., Ltd.', teamType='Enterprise', username='lishuzhi1121@163.com', isFreeProvisioningTeam='0'>'>
	<IDEDistributionContext: 0x7fb40e9a26a0; archive = '<IDEArchive: 0x7fb40bdec760>', distributionMethod='<IDEDistributionMethodiOSEnterprise: 0x7fb42308e480>', team='<IDEProvisioningDisambiguatableBasicTeam: 0x7fb40b624040; teamID='LW5266U92D', teamName='Guangzhou ZhangTao Network Technology Co., Ltd.', teamType='Enterprise', username='lishuzhi1121@163.com', isFreeProvisioningTeam='0'>'>
	<IDEDistributionContext: 0x7fb408aa9d10; archive = '<IDEArchive: 0x7fb40bdec760>', distributionMethod='<IDEDistributionMethodiOSEnterprise: 0x7fb42308e480>', team='<IDEProvisioningDisambiguatableBasicTeam: 0x7fb40b624040; teamID='LW5266U92D', teamName='Guangzhou ZhangTao Network Technology Co., Ltd.', teamType='Enterprise', username='lishuzhi1121@163.com', isFreeProvisioningTeam='0'>'>
	<IDEDistributionContext: 0x7fb422dfdbc0; archive = '<IDEArchive: 0x7fb40bdec760>', distributionMethod='<IDEDistributionMethodiOSEnterprise: 0x7fb42308e480>', team='(null)'>
	<IDEDistributionContext: 0x7fb40a085fb0; archive = '<IDEArchive: 0x7fb40bdec760>', distributionMethod='<IDEDistributionMethodiOSEnterprise: 0x7fb42308e480>', team='(null)'>
	<IDEDistributionContext: 0x7fb40e9d6c70; archive = '<IDEArchive: 0x7fb40bdec760>', distributionMethod='<IDEDistributionMethodiOSEnterprise: 0x7fb42308e480>', team='(null)'>
	<IDEDistributionContext: 0x7fb408db1b70; archive = '<IDEArchive: 0x7fb40bdec760>', distributionMethod='(null)', team='(null)'>
</IDEDistributionProcessingPipelineContext: 0x7fb40e9ce830>
2020-05-11 09:57:41 +0000  Processing step: IDEDistributionCreateDestRootStep
2020-05-11 09:57:41 +0000  Processing step: IDEDistributionCopyItemStep
2020-05-11 09:57:41 +0000  Running /usr/bin/ditto '-V' '/Users/sands_lee/Library/Developer/Xcode/Archives/2020-05-11/YjyzVerifyDemo 2020-5-11, 5.52 PM.xcarchive/Products/Applications/一键验证.app' '/var/folders/61/9s9w0n051dv2yb44_nm346g40000gp/T/XcodeDistPipeline.~~~eWLMSL/Root/Payload/一键验证.app'
2020-05-11 09:57:41 +0000  >>> Copying /Users/sands_lee/Library/Developer/Xcode/Archives/2020-05-11/YjyzVerifyDemo 2020-5-11, 5.52 PM.xcarchive/Products/Applications/一键验证.app 
2020-05-11 09:57:41 +0000  copying file ./TYRZResource.bundle/phoneTextfield@3x.png ... 
2020-05-11 09:57:41 +0000  3201 bytes for ./TYRZResource.bundle/phoneTextfield@3x.png
2020-05-11 09:57:41 +0000  copying file ./TYRZResource.bundle/loginBtn_Dis@3x.png ... 
2020-05-11 09:57:41 +0000  1819 bytes for ./TYRZResource.bundle/loginBtn_Dis@3x.png
2020-05-11 09:57:41 +0000  copying file ./TYRZResource.bundle/logo@3x.png ... 
2020-05-11 09:57:41 +0000  16444 bytes for ./TYRZResource.bundle/logo@3x.png
2020-05-11 09:57:41 +0000  copying file ./TYRZResource.bundle/windowclose.png ... 
2020-05-11 09:57:41 +0000  1967 bytes for ./TYRZResource.bundle/windowclose.png
2020-05-11 09:57:41 +0000  copying file ./TYRZResource.bundle/toast@3x.png ... 
2020-05-11 09:57:41 +0000  2265 bytes for ./TYRZResource.bundle/toast@3x.png
2020-05-11 09:57:41 +0000  copying file ./TYRZResource.bundle/loginBtn_Nor@3x.png ... 
2020-05-11 09:57:41 +0000  2193 bytes for ./TYRZResource.bundle/loginBtn_Nor@3x.png
copying file ./TYRZResource.bundle/checkBox_selected@3x.png ... 
2020-05-11 09:57:41 +0000  652 bytes for ./TYRZResource.bundle/checkBox_selected@3x.png
2020-05-11 09:57:41 +0000  copying file ./TYRZResource.bundle/close@3x.png ... 
2020-05-11 09:57:41 +0000  1329 bytes for ./TYRZResource.bundle/close@3x.png
2020-05-11 09:57:41 +0000  copying file ./TYRZResource.bundle/smsCodeBtn_Nor@3x.png ... 
2020-05-11 09:57:41 +0000  1189 bytes for ./TYRZResource.bundle/smsCodeBtn_Nor@3x.png
copying file ./TYRZResource.bundle/checkBox_unSelected@3x.png ... 
2020-05-11 09:57:41 +0000  359 bytes for ./TYRZResource.bundle/checkBox_unSelected@3x.png
copying file ./TYRZResource.bundle/smsCodeBtn_Dis@3x.png ... 
2020-05-11 09:57:41 +0000  1150 bytes for ./TYRZResource.bundle/smsCodeBtn_Dis@3x.png
2020-05-11 09:57:41 +0000  copying file ./_CodeSignature/CodeResources ... 
2020-05-11 09:57:41 +0000  29589 bytes for ./_CodeSignature/CodeResources
2020-05-11 09:57:41 +0000  copying file ./AppIcon20x20@2x.png ... 
2020-05-11 09:57:41 +0000  3005 bytes for ./AppIcon20x20@2x.png
copying file ./AppIcon20x20@3x.png ... 
2020-05-11 09:57:41 +0000  5382 bytes for ./AppIcon20x20@3x.png
2020-05-11 09:57:41 +0000  copying file ./AppIcon60x60@2x.png ... 
2020-05-11 09:57:41 +0000  13989 bytes for ./AppIcon60x60@2x.png
2020-05-11 09:57:41 +0000  copying file ./EAccountOpenPageResource.bundle/loading@2x.png ... 
2020-05-11 09:57:41 +0000  2050 bytes for ./EAccountOpenPageResource.bundle/loading@2x.png
2020-05-11 09:57:41 +0000  copying file ./EAccountOpenPageResource.bundle/EAccountMiniAuthVC_bottom.xib ... 
2020-05-11 09:57:41 +0000  20109 bytes for ./EAccountOpenPageResource.bundle/EAccountMiniAuthVC_bottom.xib
2020-05-11 09:57:41 +0000  copying file ./EAccountOpenPageResource.bundle/EAccountMiniAuthVC_bottom.nib/objects-13.0+.nib ... 
2020-05-11 09:57:41 +0000  8175 bytes for ./EAccountOpenPageResource.bundle/EAccountMiniAuthVC_bottom.nib/objects-13.0+.nib
2020-05-11 09:57:41 +0000  copying file ./EAccountOpenPageResource.bundle/EAccountMiniAuthVC_bottom.nib/objects-11.0+.nib ... 
2020-05-11 09:57:41 +0000  8156 bytes for ./EAccountOpenPageResource.bundle/EAccountMiniAuthVC_bottom.nib/objects-11.0+.nib
2020-05-11 09:57:41 +0000  copying file ./EAccountOpenPageResource.bundle/EAccountMiniAuthVC_bottom.nib/runtime.nib ... 
2020-05-11 09:57:41 +0000  7492 bytes for ./EAccountOpenPageResource.bundle/EAccountMiniAuthVC_bottom.nib/runtime.nib
2020-05-11 09:57:41 +0000  copying file ./EAccountOpenPageResource.bundle/logo_mask1@2x.png ... 
2020-05-11 09:57:41 +0000  2098 bytes for ./EAccountOpenPageResource.bundle/logo_mask1@2x.png
2020-05-11 09:57:41 +0000  copying file ./EAccountOpenPageResource.bundle/goback_sel@2x.png ... 
2020-05-11 09:57:41 +0000  412 bytes for ./EAccountOpenPageResource.bundle/goback_sel@2x.png
2020-05-11 09:57:41 +0000  copying file ./EAccountOpenPageResource.bundle/logo_mask@2x.png ... 
2020-05-11 09:57:41 +0000  4124 bytes for ./EAccountOpenPageResource.bundle/logo_mask@2x.png
2020-05-11 09:57:41 +0000  copying file ./EAccountOpenPageResource.bundle/loginBtn_Pre@2x.png ... 
2020-05-11 09:57:41 +0000  533 bytes for ./EAccountOpenPageResource.bundle/loginBtn_Pre@2x.png
2020-05-11 09:57:41 +0000  copying file ./EAccountOpenPageResource.bundle/EAccountWebViewVC_dynamic.xib ... 
2020-05-11 09:57:41 +0000  9580 bytes for ./EAccountOpenPageResource.bundle/EAccountWebViewVC_dynamic.xib
2020-05-11 09:57:41 +0000  copying file ./EAccountOpenPageResource.bundle/EAccountWebViewVC_dynamic.nib/objects-13.0+.nib ... 
2020-05-11 09:57:41 +0000  6085 bytes for ./EAccountOpenPageResource.bundle/EAccountWebViewVC_dynamic.nib/objects-13.0+.nib
2020-05-11 09:57:41 +0000  copying file ./EAccountOpenPageResource.bundle/EAccountWebViewVC_dynamic.nib/objects-11.0+.nib ... 
2020-05-11 09:57:41 +0000  6085 bytes for ./EAccountOpenPageResource.bundle/EAccountWebViewVC_dynamic.nib/objects-11.0+.nib
2020-05-11 09:57:41 +0000  copying file ./EAccountOpenPageResource.bundle/EAccountWebViewVC_dynamic.nib/runtime.nib ... 
2020-05-11 09:57:41 +0000  5416 bytes for ./EAccountOpenPageResource.bundle/EAccountWebViewVC_dynamic.nib/runtime.nib
2020-05-11 09:57:41 +0000  copying file ./EAccountOpenPageResource.bundle/loginBtn_Nor@2x.png ... 
2020-05-11 09:57:41 +0000  1158 bytes for ./EAccountOpenPageResource.bundle/loginBtn_Nor@2x.png
2020-05-11 09:57:41 +0000  copying file ./EAccountOpenPageResource.bundle/EAccountAuthVC.xib ... 
2020-05-11 09:57:41 +0000  37518 bytes for ./EAccountOpenPageResource.bundle/EAccountAuthVC.xib
2020-05-11 09:57:41 +0000  copying file ./EAccountOpenPageResource.bundle/EAccountAuthVC_dynamic.nib/objects-13.0+.nib ... 
2020-05-11 09:57:41 +0000  18564 bytes for ./EAccountOpenPageResource.bundle/EAccountAuthVC_dynamic.nib/objects-13.0+.nib
2020-05-11 09:57:41 +0000  copying file ./EAccountOpenPageResource.bundle/EAccountAuthVC_dynamic.nib/objects-11.0+.nib ... 
2020-05-11 09:57:41 +0000  18561 bytes for ./EAccountOpenPageResource.bundle/EAccountAuthVC_dynamic.nib/objects-11.0+.nib
2020-05-11 09:57:41 +0000  copying file ./EAccountOpenPageResource.bundle/EAccountAuthVC_dynamic.nib/runtime.nib ... 
2020-05-11 09:57:41 +0000  17822 bytes for ./EAccountOpenPageResource.bundle/EAccountAuthVC_dynamic.nib/runtime.nib
2020-05-11 09:57:41 +0000  copying file ./EAccountOpenPageResource.bundle/logo_mini@2x.png ... 
2020-05-11 09:57:41 +0000  1220 bytes for ./EAccountOpenPageResource.bundle/logo_mini@2x.png
2020-05-11 09:57:41 +0000  copying file ./EAccountOpenPageResource.bundle/EAccountAuthVC_dynamic.xib ... 
2020-05-11 09:57:41 +0000  36794 bytes for ./EAccountOpenPageResource.bundle/EAccountAuthVC_dynamic.xib
2020-05-11 09:57:41 +0000  copying file ./EAccountOpenPageResource.bundle/logo@2x.png ... 
2020-05-11 09:57:41 +0000  6525 bytes for ./EAccountOpenPageResource.bundle/logo@2x.png
2020-05-11 09:57:41 +0000  copying file ./EAccountOpenPageResource.bundle/loginBtn_Dis@2x.png ... 
2020-05-11 09:57:41 +0000  528 bytes for ./EAccountOpenPageResource.bundle/loginBtn_Dis@2x.png
2020-05-11 09:57:41 +0000  copying file ./EAccountOpenPageResource.bundle/EAccountAuthVC.nib/objects-13.0+.nib ... 
2020-05-11 09:57:41 +0000  17990 bytes for ./EAccountOpenPageResource.bundle/EAccountAuthVC.nib/objects-13.0+.nib
2020-05-11 09:57:41 +0000  copying file ./EAccountOpenPageResource.bundle/EAccountAuthVC.nib/objects-11.0+.nib ... 
2020-05-11 09:57:41 +0000  17983 bytes for ./EAccountOpenPageResource.bundle/EAccountAuthVC.nib/objects-11.0+.nib
2020-05-11 09:57:41 +0000  copying file ./EAccountOpenPageResource.bundle/EAccountAuthVC.nib/runtime.nib ... 
2020-05-11 09:57:41 +0000  17260 bytes for ./EAccountOpenPageResource.bundle/EAccountAuthVC.nib/runtime.nib
2020-05-11 09:57:41 +0000  copying file ./EAccountOpenPageResource.bundle/goback_nor@2x.png ... 
2020-05-11 09:57:41 +0000  368 bytes for ./EAccountOpenPageResource.bundle/goback_nor@2x.png
2020-05-11 09:57:41 +0000  copying file ./EAccountOpenPageResource.bundle/checkBox_unSelected@2x.png ... 
2020-05-11 09:57:41 +0000  252 bytes for ./EAccountOpenPageResource.bundle/checkBox_unSelected@2x.png
2020-05-11 09:57:41 +0000  copying file ./EAccountOpenPageResource.bundle/btn-close.png ... 
2020-05-11 09:57:41 +0000  688 bytes for ./EAccountOpenPageResource.bundle/btn-close.png
2020-05-11 09:57:41 +0000  copying file ./EAccountOpenPageResource.bundle/EAccountMiniAuthVC_center.nib/objects-13.0+.nib ... 
2020-05-11 09:57:41 +0000  8011 bytes for ./EAccountOpenPageResource.bundle/EAccountMiniAuthVC_center.nib/objects-13.0+.nib
2020-05-11 09:57:41 +0000  copying file ./EAccountOpenPageResource.bundle/EAccountMiniAuthVC_center.nib/objects-11.0+.nib ... 
2020-05-11 09:57:41 +0000  7986 bytes for ./EAccountOpenPageResource.bundle/EAccountMiniAuthVC_center.nib/objects-11.0+.nib
2020-05-11 09:57:41 +0000  copying file ./EAccountOpenPageResource.bundle/EAccountMiniAuthVC_center.nib/runtime.nib ... 
2020-05-11 09:57:41 +0000  7320 bytes for ./EAccountOpenPageResource.bundle/EAccountMiniAuthVC_center.nib/runtime.nib
2020-05-11 09:57:41 +0000  copying file ./EAccountOpenPageResource.bundle/EAccountWebViewVC.xib ... 
2020-05-11 09:57:41 +0000  9556 bytes for ./EAccountOpenPageResource.bundle/EAccountWebViewVC.xib
2020-05-11 09:57:41 +0000  copying file ./EAccountOpenPageResource.bundle/EAccountMiniAuthVC_center.xib ... 
2020-05-11 09:57:41 +0000  19800 bytes for ./EAccountOpenPageResource.bundle/EAccountMiniAuthVC_center.xib
2020-05-11 09:57:41 +0000  copying file ./EAccountOpenPageResource.bundle/EAccountWebViewVC.nib/objects-13.0+.nib ... 
2020-05-11 09:57:41 +0000  6079 bytes for ./EAccountOpenPageResource.bundle/EAccountWebViewVC.nib/objects-13.0+.nib
2020-05-11 09:57:41 +0000  copying file ./EAccountOpenPageResource.bundle/EAccountWebViewVC.nib/objects-11.0+.nib ... 
2020-05-11 09:57:41 +0000  6079 bytes for ./EAccountOpenPageResource.bundle/EAccountWebViewVC.nib/objects-11.0+.nib
2020-05-11 09:57:41 +0000  copying file ./EAccountOpenPageResource.bundle/EAccountWebViewVC.nib/runtime.nib ... 
2020-05-11 09:57:41 +0000  5402 bytes for ./EAccountOpenPageResource.bundle/EAccountWebViewVC.nib/runtime.nib
copying file ./EAccountOpenPageResource.bundle/checkBox_selected@2x.png ... 
2020-05-11 09:57:41 +0000  405 bytes for ./EAccountOpenPageResource.bundle/checkBox_selected@2x.png
2020-05-11 09:57:41 +0000  copying file ./AppIcon29x29@2x.png ... 
2020-05-11 09:57:41 +0000  5105 bytes for ./AppIcon29x29@2x.png
2020-05-11 09:57:41 +0000  copying file ./AppIcon40x40@3x.png ... 
2020-05-11 09:57:41 +0000  13989 bytes for ./AppIcon40x40@3x.png
2020-05-11 09:57:41 +0000  copying file ./AppIcon40x40@2x.png ... 
2020-05-11 09:57:41 +0000  8473 bytes for ./AppIcon40x40@2x.png
2020-05-11 09:57:41 +0000  copying file ./AppIcon29x29@3x.png ... 
2020-05-11 09:57:41 +0000  9432 bytes for ./AppIcon29x29@3x.png
2020-05-11 09:57:41 +0000  copying file ./AppIcon60x60@3x.png ... 
2020-05-11 09:57:41 +0000  23473 bytes for ./AppIcon60x60@3x.png
2020-05-11 09:57:41 +0000  copying file ./Base.lproj/LaunchScreen.storyboardc/01J-lp-oVM-view-Ze5-6b-2t3.nib ... 
2020-05-11 09:57:41 +0000  1832 bytes for ./Base.lproj/LaunchScreen.storyboardc/01J-lp-oVM-view-Ze5-6b-2t3.nib
2020-05-11 09:57:41 +0000  copying file ./Base.lproj/LaunchScreen.storyboardc/UIViewController-01J-lp-oVM.nib ... 
2020-05-11 09:57:41 +0000  896 bytes for ./Base.lproj/LaunchScreen.storyboardc/UIViewController-01J-lp-oVM.nib
2020-05-11 09:57:41 +0000  copying file ./Base.lproj/LaunchScreen.storyboardc/Info.plist ... 
2020-05-11 09:57:41 +0000  258 bytes for ./Base.lproj/LaunchScreen.storyboardc/Info.plist
2020-05-11 09:57:41 +0000  copying file ./Main.storyboardc/UIViewController-BYZ-38-t0r.nib ... 
2020-05-11 09:57:41 +0000  955 bytes for ./Main.storyboardc/UIViewController-BYZ-38-t0r.nib
2020-05-11 09:57:41 +0000  copying file ./Main.storyboardc/BYZ-38-t0r-view-8bC-Xf-vdC.nib ... 
2020-05-11 09:57:41 +0000  4053 bytes for ./Main.storyboardc/BYZ-38-t0r-view-8bC-Xf-vdC.nib
2020-05-11 09:57:41 +0000  copying file ./Main.storyboardc/Info.plist ... 
2020-05-11 09:57:41 +0000  258 bytes for ./Main.storyboardc/Info.plist
2020-05-11 09:57:41 +0000  copying file ./一键验证 ... 
2020-05-11 09:57:41 +0000  33707072 bytes for ./一键验证
copying file ./Assets.car ... 
2020-05-11 09:57:41 +0000  9806927 bytes for ./Assets.car
copying file ./SVDemo.gif ... 
2020-05-11 09:57:41 +0000  466704 bytes for ./SVDemo.gif
copying file ./embedded.mobileprovision ... 
2020-05-11 09:57:41 +0000  7346 bytes for ./embedded.mobileprovision
2020-05-11 09:57:41 +0000  copying file ./SVProgressHUD.bundle/info.png ... 
2020-05-11 09:57:41 +0000  365 bytes for ./SVProgressHUD.bundle/info.png
copying file ./SVProgressHUD.bundle/error@3x.png ... 
2020-05-11 09:57:41 +0000  398 bytes for ./SVProgressHUD.bundle/error@3x.png
copying file ./SVProgressHUD.bundle/error@2x.png ... 
2020-05-11 09:57:41 +0000  306 bytes for ./SVProgressHUD.bundle/error@2x.png
copying file ./SVProgressHUD.bundle/info@3x.png ... 
2020-05-11 09:57:41 +0000  1200 bytes for ./SVProgressHUD.bundle/info@3x.png
copying file ./SVProgressHUD.bundle/success@2x.png ... 
2020-05-11 09:57:41 +0000  462 bytes for ./SVProgressHUD.bundle/success@2x.png
copying file ./SVProgressHUD.bundle/success@3x.png ... 
2020-05-11 09:57:41 +0000  714 bytes for ./SVProgressHUD.bundle/success@3x.png
copying file ./SVProgressHUD.bundle/info@2x.png ... 
2020-05-11 09:57:41 +0000  816 bytes for ./SVProgressHUD.bundle/info@2x.png
2020-05-11 09:57:41 +0000  copying file ./SVProgressHUD.bundle/error.png ... 
2020-05-11 09:57:41 +0000  184 bytes for ./SVProgressHUD.bundle/error.png
copying file ./SVProgressHUD.bundle/success.png ... 
2020-05-11 09:57:41 +0000  262 bytes for ./SVProgressHUD.bundle/success.png
2020-05-11 09:57:41 +0000  copying file ./YjyzVerify.bundle/uncheck@3x.png ... 
2020-05-11 09:57:41 +0000  885 bytes for ./YjyzVerify.bundle/uncheck@3x.png
copying file ./YjyzVerify.bundle/back@3x.png ... 
2020-05-11 09:57:41 +0000  344 bytes for ./YjyzVerify.bundle/back@3x.png
2020-05-11 09:57:41 +0000  copying file ./YjyzVerify.bundle/icon@3x.png ... 
2020-05-11 09:57:41 +0000  32844 bytes for ./YjyzVerify.bundle/icon@3x.png
2020-05-11 09:57:41 +0000  copying file ./YjyzVerify.bundle/close@3x.png ... 
2020-05-11 09:57:41 +0000  1056 bytes for ./YjyzVerify.bundle/close@3x.png
copying file ./YjyzVerify.bundle/che@3x.png ... 
2020-05-11 09:57:41 +0000  1948 bytes for ./YjyzVerify.bundle/che@3x.png
2020-05-11 09:57:41 +0000  copying file ./Info.plist ... 
2020-05-11 09:57:41 +0000  1356 bytes for ./Info.plist
2020-05-11 09:57:41 +0000  copying file ./PkgInfo ... 
2020-05-11 09:57:41 +0000  8 bytes for ./PkgInfo
2020-05-11 09:57:41 +0000  /usr/bin/ditto exited with 0
2020-05-11 09:57:41 +0000  Processing step: IDEDistributionEmbedProfileStep
2020-05-11 09:57:41 +0000  Processing step: IDEDistributionInfoPlistStep
2020-05-11 09:57:41 +0000  Skipping step: IDEDistributionInfoPlistStep because it said so
2020-05-11 09:57:41 +0000  Processing step: IDEDistributionAppThinningPlistStep
2020-05-11 09:57:41 +0000  Skipping step: IDEDistributionAppThinningPlistStep because it said so
2020-05-11 09:57:41 +0000  Processing step: IDEDistributionCompileBitcodeStep
2020-05-11 09:57:41 +0000  Skipping step: IDEDistributionCompileBitcodeStep because it said so
2020-05-11 09:57:41 +0000  Processing step: IDEDistributionCodeSlimmingStep
2020-05-11 09:57:41 +0000  Processing step: IDEDistributionCopyBCSymbolMapsStep
2020-05-11 09:57:41 +0000  Skipping step: IDEDistributionCopyBCSymbolMapsStep because it said so
2020-05-11 09:57:41 +0000  Processing step: IDEDistributionSymbolsStep
2020-05-11 09:57:41 +0000  Skipping step: IDEDistributionSymbolsStep because it said so
2020-05-11 09:57:41 +0000  Processing step: IDEDistributionAppThinningStep
2020-05-11 09:57:41 +0000  Skipping step: IDEDistributionAppThinningStep because it said so
2020-05-11 09:57:41 +0000  Processing step: IDEDistributionArchThinningStep
2020-05-11 09:57:41 +0000  Running /Applications/Xcode.app/Contents/Developer/Toolchains/XcodeDefault.xctoolchain/usr/bin/lipo '/var/folders/61/9s9w0n051dv2yb44_nm346g40000gp/T/XcodeDistPipeline.~~~eWLMSL/Root/Payload/一键验证.app/一键验证' '-verify_arch' 'arm64e'
2020-05-11 09:57:41 +0000  /Applications/Xcode.app/Contents/Developer/Toolchains/XcodeDefault.xctoolchain/usr/bin/lipo exited with 1
2020-05-11 09:57:41 +0000  Skipping architecture thinning for item "一键验证" because arch "arm64e" wasn't found
2020-05-11 09:57:41 +0000  Processing step: IDEDistributionODRStep
2020-05-11 09:57:41 +0000  Processing step: IDEDistributionStripXattrsStep
2020-05-11 09:57:41 +0000  Running /usr/bin/xattr '-crs' '/var/folders/61/9s9w0n051dv2yb44_nm346g40000gp/T/XcodeDistPipeline.~~~eWLMSL/Root/Payload/一键验证.app'
2020-05-11 09:57:41 +0000  /usr/bin/xattr exited with 0
2020-05-11 09:57:41 +0000  Processing step: IDEDistributionCodesignStep
2020-05-11 09:57:41 +0000  Entitlements for <IDEDistributionItem: 0x7fb40e218ef0; bundleID='com.yz.ksyz.demo', path='<DVTFilePath:0x7fb42195bc40:'/Users/sands_lee/Library/Developer/Xcode/Archives/2020-05-11/YjyzVerifyDemo 2020-5-11, 5.52 PM.xcarchive/Products/Applications/一键验证.app'>', codeSigningInfo='<_DVTCodeSigningInformation_Path: 0x7fb40b00b320; isSigned='1', isAdHocSigned='0', signingCertificate='<DVTSigningCertificate: 0x7fb40c041890; name='iPhone Distribution: Guangzhou ZhangTao Network Technology Co., Ltd.', hash='DB142DF2F8DA067EE3D4F2424D8AB5AFD9DE46D7', serialNumber='202D977E93287D3D', certificateKinds='(
    "1.2.840.113635.100.6.1.4"
), issueDate='2020-04-24 08:01:33 +0000''>', entitlements='{
    "application-identifier" = "LW5266U92D.com.yz.ksyz.demo";
    "com.apple.developer.team-identifier" = LW5266U92D;
    "get-task-allow" = 0;
    "keychain-access-groups" =     (
        "LW5266U92D.com.yz.ksyz.demo"
    );
}', teamID='LW5266U92D', identifier='com.yz.ksyz.demo', executablePath='<DVTFilePath:0x7fb40e905ea0:'/Users/sands_lee/Library/Developer/Xcode/Archives/2020-05-11/YjyzVerifyDemo 2020-5-11, 5.52 PM.xcarchive/Products/Applications/一键验证.app/一键验证'>', hardenedRuntime='0'>'>: {
    "application-identifier" = "LW5266U92D.com.yz.ksyz.demo";
    "com.apple.developer.team-identifier" = LW5266U92D;
    "get-task-allow" = 0;
    "keychain-access-groups" =     (
        "LW5266U92D.com.yz.ksyz.demo"
    );
}
2020-05-11 09:57:41 +0000  Writing entitlements for <IDEDistributionItem: 0x7fb40e218ef0; bundleID='com.yz.ksyz.demo', path='<DVTFilePath:0x7fb42195bc40:'/Users/sands_lee/Library/Developer/Xcode/Archives/2020-05-11/YjyzVerifyDemo 2020-5-11, 5.52 PM.xcarchive/Products/Applications/一键验证.app'>', codeSigningInfo='<_DVTCodeSigningInformation_Path: 0x7fb40b00b320; isSigned='1', isAdHocSigned='0', signingCertificate='<DVTSigningCertificate: 0x7fb42810d000; name='iPhone Distribution: Guangzhou ZhangTao Network Technology Co., Ltd.', hash='DB142DF2F8DA067EE3D4F2424D8AB5AFD9DE46D7', serialNumber='202D977E93287D3D', certificateKinds='(
    "1.2.840.113635.100.6.1.4"
), issueDate='2020-04-24 08:01:33 +0000''>', entitlements='{
    "application-identifier" = "LW5266U92D.com.yz.ksyz.demo";
    "com.apple.developer.team-identifier" = LW5266U92D;
    "get-task-allow" = 0;
    "keychain-access-groups" =     (
        "LW5266U92D.com.yz.ksyz.demo"
    );
}', teamID='LW5266U92D', identifier='com.yz.ksyz.demo', executablePath='<DVTFilePath:0x7fb40e905ea0:'/Users/sands_lee/Library/Developer/Xcode/Archives/2020-05-11/YjyzVerifyDemo 2020-5-11, 5.52 PM.xcarchive/Products/Applications/一键验证.app/一键验证'>', hardenedRuntime='0'>'> to: /var/folders/61/9s9w0n051dv2yb44_nm346g40000gp/T/XcodeDistPipeline.~~~eWLMSL/entitlements~~~DIax41
2020-05-11 09:57:41 +0000  Running /usr/bin/codesign '-vvv' '--force' '--sign' 'DB142DF2F8DA067EE3D4F2424D8AB5AFD9DE46D7' '--entitlements' '/var/folders/61/9s9w0n051dv2yb44_nm346g40000gp/T/XcodeDistPipeline.~~~eWLMSL/entitlements~~~DIax41' '--preserve-metadata=identifier,flags,runtime' '/var/folders/61/9s9w0n051dv2yb44_nm346g40000gp/T/XcodeDistPipeline.~~~eWLMSL/Root/Payload/一键验证.app'
2020-05-11 09:57:41 +0000  /var/folders/61/9s9w0n051dv2yb44_nm346g40000gp/T/XcodeDistPipeline.~~~eWLMSL/Root/Payload/一键验证.app: signed app bundle with Mach-O universal (armv7 arm64) [com.yz.ksyz.demo]
2020-05-11 09:57:41 +0000  /usr/bin/codesign exited with 0
2020-05-11 09:57:41 +0000  Processing step: IDEDistributionZipODRItemStep
2020-05-11 09:57:41 +0000  Skipping step: IDEDistributionZipODRItemStep because it said so
2020-05-11 09:57:41 +0000  Processing step: IDEDistributionCreateIPAStep
2020-05-11 09:57:41 +0000  Running /usr/bin/ditto '-V' '-c' '-k' '--norsrc' '/var/folders/61/9s9w0n051dv2yb44_nm346g40000gp/T/XcodeDistPipeline.~~~eWLMSL/Root' '/var/folders/61/9s9w0n051dv2yb44_nm346g40000gp/T/XcodeDistPipeline.~~~eWLMSL/Packages/YjyzVerifyDemo.ipa'
2020-05-11 09:57:41 +0000  >>> Copying /var/folders/61/9s9w0n051dv2yb44_nm346g40000gp/T/XcodeDistPipeline.~~~eWLMSL/Root 
2020-05-11 09:57:41 +0000  copying file ./Payload/一键验证.app/TYRZResource.bundle/phoneTextfield@3x.png ... 
2020-05-11 09:57:41 +0000  3201 bytes for ./Payload/一键验证.app/TYRZResource.bundle/phoneTextfield@3x.png
copying file ./Payload/一键验证.app/TYRZResource.bundle/loginBtn_Dis@3x.png ... 
2020-05-11 09:57:41 +0000  1819 bytes for ./Payload/一键验证.app/TYRZResource.bundle/loginBtn_Dis@3x.png
copying file ./Payload/一键验证.app/TYRZResource.bundle/logo@3x.png ... 
2020-05-11 09:57:41 +0000  16444 bytes for ./Payload/一键验证.app/TYRZResource.bundle/logo@3x.png
copying file ./Payload/一键验证.app/TYRZResource.bundle/windowclose.png ... 
2020-05-11 09:57:41 +0000  1967 bytes for ./Payload/一键验证.app/TYRZResource.bundle/windowclose.png
copying file ./Payload/一键验证.app/TYRZResource.bundle/toast@3x.png ... 
2020-05-11 09:57:41 +0000  2265 bytes for ./Payload/一键验证.app/TYRZResource.bundle/toast@3x.png
copying file ./Payload/一键验证.app/TYRZResource.bundle/loginBtn_Nor@3x.png ... 
2020-05-11 09:57:41 +0000  2193 bytes for ./Payload/一键验证.app/TYRZResource.bundle/loginBtn_Nor@3x.png
copying file ./Payload/一键验证.app/TYRZResource.bundle/checkBox_selected@3x.png ... 
2020-05-11 09:57:41 +0000  652 bytes for ./Payload/一键验证.app/TYRZResource.bundle/checkBox_selected@3x.png
copying file ./Payload/一键验证.app/TYRZResource.bundle/close@3x.png ... 
2020-05-11 09:57:41 +0000  1329 bytes for ./Payload/一键验证.app/TYRZResource.bundle/close@3x.png
2020-05-11 09:57:41 +0000  copying file ./Payload/一键验证.app/TYRZResource.bundle/smsCodeBtn_Nor@3x.png ... 
1189 bytes for ./Payload/一键验证.app/TYRZResource.bundle/smsCodeBtn_Nor@3x.png
2020-05-11 09:57:41 +0000  copying file ./Payload/一键验证.app/TYRZResource.bundle/checkBox_unSelected@3x.png ... 
359 bytes for ./Payload/一键验证.app/TYRZResource.bundle/checkBox_unSelected@3x.png
2020-05-11 09:57:41 +0000  copying file ./Payload/一键验证.app/TYRZResource.bundle/smsCodeBtn_Dis@3x.png ... 
2020-05-11 09:57:41 +0000  1150 bytes for ./Payload/一键验证.app/TYRZResource.bundle/smsCodeBtn_Dis@3x.png
copying file ./Payload/一键验证.app/_CodeSignature/CodeResources ... 
2020-05-11 09:57:41 +0000  29589 bytes for ./Payload/一键验证.app/_CodeSignature/CodeResources
2020-05-11 09:57:41 +0000  copying file ./Payload/一键验证.app/AppIcon20x20@2x.png ... 
2020-05-11 09:57:41 +0000  3005 bytes for ./Payload/一键验证.app/AppIcon20x20@2x.png
2020-05-11 09:57:41 +0000  copying file ./Payload/一键验证.app/AppIcon20x20@3x.png ... 
2020-05-11 09:57:41 +0000  5382 bytes for ./Payload/一键验证.app/AppIcon20x20@3x.png
2020-05-11 09:57:41 +0000  copying file ./Payload/一键验证.app/AppIcon60x60@2x.png ... 
2020-05-11 09:57:41 +0000  13989 bytes for ./Payload/一键验证.app/AppIcon60x60@2x.png
2020-05-11 09:57:41 +0000  copying file ./Payload/一键验证.app/EAccountOpenPageResource.bundle/loading@2x.png ... 
2020-05-11 09:57:41 +0000  2050 bytes for ./Payload/一键验证.app/EAccountOpenPageResource.bundle/loading@2x.png
2020-05-11 09:57:41 +0000  copying file ./Payload/一键验证.app/EAccountOpenPageResource.bundle/EAccountMiniAuthVC_bottom.xib ... 
2020-05-11 09:57:41 +0000  20109 bytes for ./Payload/一键验证.app/EAccountOpenPageResource.bundle/EAccountMiniAuthVC_bottom.xib
2020-05-11 09:57:41 +0000  copying file ./Payload/一键验证.app/EAccountOpenPageResource.bundle/EAccountMiniAuthVC_bottom.nib/objects-13.0+.nib ... 
2020-05-11 09:57:41 +0000  8175 bytes for ./Payload/一键验证.app/EAccountOpenPageResource.bundle/EAccountMiniAuthVC_bottom.nib/objects-13.0+.nib
2020-05-11 09:57:41 +0000  copying file ./Payload/一键验证.app/EAccountOpenPageResource.bundle/EAccountMiniAuthVC_bottom.nib/objects-11.0+.nib ... 
2020-05-11 09:57:41 +0000  8156 bytes for ./Payload/一键验证.app/EAccountOpenPageResource.bundle/EAccountMiniAuthVC_bottom.nib/objects-11.0+.nib
2020-05-11 09:57:41 +0000  copying file ./Payload/一键验证.app/EAccountOpenPageResource.bundle/EAccountMiniAuthVC_bottom.nib/runtime.nib ... 
2020-05-11 09:57:41 +0000  7492 bytes for ./Payload/一键验证.app/EAccountOpenPageResource.bundle/EAccountMiniAuthVC_bottom.nib/runtime.nib
2020-05-11 09:57:41 +0000  copying file ./Payload/一键验证.app/EAccountOpenPageResource.bundle/logo_mask1@2x.png ... 
2020-05-11 09:57:42 +0000  2098 bytes for ./Payload/一键验证.app/EAccountOpenPageResource.bundle/logo_mask1@2x.png
2020-05-11 09:57:42 +0000  copying file ./Payload/一键验证.app/EAccountOpenPageResource.bundle/goback_sel@2x.png ... 
2020-05-11 09:57:42 +0000  412 bytes for ./Payload/一键验证.app/EAccountOpenPageResource.bundle/goback_sel@2x.png
copying file ./Payload/一键验证.app/EAccountOpenPageResource.bundle/logo_mask@2x.png ... 
2020-05-11 09:57:42 +0000  4124 bytes for ./Payload/一键验证.app/EAccountOpenPageResource.bundle/logo_mask@2x.png
2020-05-11 09:57:42 +0000  copying file ./Payload/一键验证.app/EAccountOpenPageResource.bundle/loginBtn_Pre@2x.png ... 
2020-05-11 09:57:42 +0000  533 bytes for ./Payload/一键验证.app/EAccountOpenPageResource.bundle/loginBtn_Pre@2x.png
copying file ./Payload/一键验证.app/EAccountOpenPageResource.bundle/EAccountWebViewVC_dynamic.xib ... 
2020-05-11 09:57:42 +0000  9580 bytes for ./Payload/一键验证.app/EAccountOpenPageResource.bundle/EAccountWebViewVC_dynamic.xib
2020-05-11 09:57:42 +0000  copying file ./Payload/一键验证.app/EAccountOpenPageResource.bundle/EAccountWebViewVC_dynamic.nib/objects-13.0+.nib ... 
2020-05-11 09:57:42 +0000  6085 bytes for ./Payload/一键验证.app/EAccountOpenPageResource.bundle/EAccountWebViewVC_dynamic.nib/objects-13.0+.nib
2020-05-11 09:57:42 +0000  copying file ./Payload/一键验证.app/EAccountOpenPageResource.bundle/EAccountWebViewVC_dynamic.nib/objects-11.0+.nib ... 
2020-05-11 09:57:42 +0000  6085 bytes for ./Payload/一键验证.app/EAccountOpenPageResource.bundle/EAccountWebViewVC_dynamic.nib/objects-11.0+.nib
2020-05-11 09:57:42 +0000  copying file ./Payload/一键验证.app/EAccountOpenPageResource.bundle/EAccountWebViewVC_dynamic.nib/runtime.nib ... 
2020-05-11 09:57:42 +0000  5416 bytes for ./Payload/一键验证.app/EAccountOpenPageResource.bundle/EAccountWebViewVC_dynamic.nib/runtime.nib
2020-05-11 09:57:42 +0000  copying file ./Payload/一键验证.app/EAccountOpenPageResource.bundle/loginBtn_Nor@2x.png ... 
2020-05-11 09:57:42 +0000  1158 bytes for ./Payload/一键验证.app/EAccountOpenPageResource.bundle/loginBtn_Nor@2x.png
copying file ./Payload/一键验证.app/EAccountOpenPageResource.bundle/EAccountAuthVC.xib ... 
2020-05-11 09:57:42 +0000  37518 bytes for ./Payload/一键验证.app/EAccountOpenPageResource.bundle/EAccountAuthVC.xib
2020-05-11 09:57:42 +0000  copying file ./Payload/一键验证.app/EAccountOpenPageResource.bundle/EAccountAuthVC_dynamic.nib/objects-13.0+.nib ... 
2020-05-11 09:57:42 +0000  18564 bytes for ./Payload/一键验证.app/EAccountOpenPageResource.bundle/EAccountAuthVC_dynamic.nib/objects-13.0+.nib
2020-05-11 09:57:42 +0000  copying file ./Payload/一键验证.app/EAccountOpenPageResource.bundle/EAccountAuthVC_dynamic.nib/objects-11.0+.nib ... 
2020-05-11 09:57:42 +0000  18561 bytes for ./Payload/一键验证.app/EAccountOpenPageResource.bundle/EAccountAuthVC_dynamic.nib/objects-11.0+.nib
2020-05-11 09:57:42 +0000  copying file ./Payload/一键验证.app/EAccountOpenPageResource.bundle/EAccountAuthVC_dynamic.nib/runtime.nib ... 
2020-05-11 09:57:42 +0000  17822 bytes for ./Payload/一键验证.app/EAccountOpenPageResource.bundle/EAccountAuthVC_dynamic.nib/runtime.nib
2020-05-11 09:57:42 +0000  copying file ./Payload/一键验证.app/EAccountOpenPageResource.bundle/logo_mini@2x.png ... 
2020-05-11 09:57:42 +0000  1220 bytes for ./Payload/一键验证.app/EAccountOpenPageResource.bundle/logo_mini@2x.png
copying file ./Payload/一键验证.app/EAccountOpenPageResource.bundle/EAccountAuthVC_dynamic.xib ... 
2020-05-11 09:57:42 +0000  36794 bytes for ./Payload/一键验证.app/EAccountOpenPageResource.bundle/EAccountAuthVC_dynamic.xib
2020-05-11 09:57:42 +0000  copying file ./Payload/一键验证.app/EAccountOpenPageResource.bundle/logo@2x.png ... 
2020-05-11 09:57:42 +0000  6525 bytes for ./Payload/一键验证.app/EAccountOpenPageResource.bundle/logo@2x.png
2020-05-11 09:57:42 +0000  copying file ./Payload/一键验证.app/EAccountOpenPageResource.bundle/loginBtn_Dis@2x.png ... 
2020-05-11 09:57:42 +0000  528 bytes for ./Payload/一键验证.app/EAccountOpenPageResource.bundle/loginBtn_Dis@2x.png
copying file ./Payload/一键验证.app/EAccountOpenPageResource.bundle/EAccountAuthVC.nib/objects-13.0+.nib ... 
2020-05-11 09:57:42 +0000  17990 bytes for ./Payload/一键验证.app/EAccountOpenPageResource.bundle/EAccountAuthVC.nib/objects-13.0+.nib
2020-05-11 09:57:42 +0000  copying file ./Payload/一键验证.app/EAccountOpenPageResource.bundle/EAccountAuthVC.nib/objects-11.0+.nib ... 
2020-05-11 09:57:42 +0000  17983 bytes for ./Payload/一键验证.app/EAccountOpenPageResource.bundle/EAccountAuthVC.nib/objects-11.0+.nib
2020-05-11 09:57:42 +0000  copying file ./Payload/一键验证.app/EAccountOpenPageResource.bundle/EAccountAuthVC.nib/runtime.nib ... 
2020-05-11 09:57:42 +0000  17260 bytes for ./Payload/一键验证.app/EAccountOpenPageResource.bundle/EAccountAuthVC.nib/runtime.nib
2020-05-11 09:57:42 +0000  copying file ./Payload/一键验证.app/EAccountOpenPageResource.bundle/goback_nor@2x.png ... 
2020-05-11 09:57:42 +0000  368 bytes for ./Payload/一键验证.app/EAccountOpenPageResource.bundle/goback_nor@2x.png
copying file ./Payload/一键验证.app/EAccountOpenPageResource.bundle/checkBox_unSelected@2x.png ... 
2020-05-11 09:57:42 +0000  252 bytes for ./Payload/一键验证.app/EAccountOpenPageResource.bundle/checkBox_unSelected@2x.png
2020-05-11 09:57:42 +0000  copying file ./Payload/一键验证.app/EAccountOpenPageResource.bundle/btn-close.png ... 
2020-05-11 09:57:42 +0000  688 bytes for ./Payload/一键验证.app/EAccountOpenPageResource.bundle/btn-close.png
2020-05-11 09:57:42 +0000  copying file ./Payload/一键验证.app/EAccountOpenPageResource.bundle/EAccountMiniAuthVC_center.nib/objects-13.0+.nib ... 
2020-05-11 09:57:42 +0000  8011 bytes for ./Payload/一键验证.app/EAccountOpenPageResource.bundle/EAccountMiniAuthVC_center.nib/objects-13.0+.nib
2020-05-11 09:57:42 +0000  copying file ./Payload/一键验证.app/EAccountOpenPageResource.bundle/EAccountMiniAuthVC_center.nib/objects-11.0+.nib ... 
2020-05-11 09:57:42 +0000  7986 bytes for ./Payload/一键验证.app/EAccountOpenPageResource.bundle/EAccountMiniAuthVC_center.nib/objects-11.0+.nib
2020-05-11 09:57:42 +0000  copying file ./Payload/一键验证.app/EAccountOpenPageResource.bundle/EAccountMiniAuthVC_center.nib/runtime.nib ... 
2020-05-11 09:57:42 +0000  7320 bytes for ./Payload/一键验证.app/EAccountOpenPageResource.bundle/EAccountMiniAuthVC_center.nib/runtime.nib
2020-05-11 09:57:42 +0000  copying file ./Payload/一键验证.app/EAccountOpenPageResource.bundle/EAccountWebViewVC.xib ... 
2020-05-11 09:57:42 +0000  9556 bytes for ./Payload/一键验证.app/EAccountOpenPageResource.bundle/EAccountWebViewVC.xib
2020-05-11 09:57:42 +0000  copying file ./Payload/一键验证.app/EAccountOpenPageResource.bundle/EAccountMiniAuthVC_center.xib ... 
2020-05-11 09:57:42 +0000  19800 bytes for ./Payload/一键验证.app/EAccountOpenPageResource.bundle/EAccountMiniAuthVC_center.xib
2020-05-11 09:57:42 +0000  copying file ./Payload/一键验证.app/EAccountOpenPageResource.bundle/EAccountWebViewVC.nib/objects-13.0+.nib ... 
2020-05-11 09:57:42 +0000  6079 bytes for ./Payload/一键验证.app/EAccountOpenPageResource.bundle/EAccountWebViewVC.nib/objects-13.0+.nib
2020-05-11 09:57:42 +0000  copying file ./Payload/一键验证.app/EAccountOpenPageResource.bundle/EAccountWebViewVC.nib/objects-11.0+.nib ... 
2020-05-11 09:57:42 +0000  6079 bytes for ./Payload/一键验证.app/EAccountOpenPageResource.bundle/EAccountWebViewVC.nib/objects-11.0+.nib
2020-05-11 09:57:42 +0000  copying file ./Payload/一键验证.app/EAccountOpenPageResource.bundle/EAccountWebViewVC.nib/runtime.nib ... 
2020-05-11 09:57:42 +0000  5402 bytes for ./Payload/一键验证.app/EAccountOpenPageResource.bundle/EAccountWebViewVC.nib/runtime.nib
2020-05-11 09:57:42 +0000  copying file ./Payload/一键验证.app/EAccountOpenPageResource.bundle/checkBox_selected@2x.png ... 
2020-05-11 09:57:42 +0000  405 bytes for ./Payload/一键验证.app/EAccountOpenPageResource.bundle/checkBox_selected@2x.png
2020-05-11 09:57:42 +0000  copying file ./Payload/一键验证.app/AppIcon29x29@2x.png ... 
2020-05-11 09:57:42 +0000  5105 bytes for ./Payload/一键验证.app/AppIcon29x29@2x.png
2020-05-11 09:57:42 +0000  copying file ./Payload/一键验证.app/AppIcon40x40@3x.png ... 
2020-05-11 09:57:42 +0000  13989 bytes for ./Payload/一键验证.app/AppIcon40x40@3x.png
2020-05-11 09:57:42 +0000  copying file ./Payload/一键验证.app/AppIcon40x40@2x.png ... 
2020-05-11 09:57:42 +0000  8473 bytes for ./Payload/一键验证.app/AppIcon40x40@2x.png
2020-05-11 09:57:42 +0000  copying file ./Payload/一键验证.app/AppIcon29x29@3x.png ... 
2020-05-11 09:57:42 +0000  9432 bytes for ./Payload/一键验证.app/AppIcon29x29@3x.png
2020-05-11 09:57:42 +0000  copying file ./Payload/一键验证.app/AppIcon60x60@3x.png ... 
2020-05-11 09:57:42 +0000  23473 bytes for ./Payload/一键验证.app/AppIcon60x60@3x.png
2020-05-11 09:57:42 +0000  copying file ./Payload/一键验证.app/Base.lproj/LaunchScreen.storyboardc/01J-lp-oVM-view-Ze5-6b-2t3.nib ... 
2020-05-11 09:57:42 +0000  1832 bytes for ./Payload/一键验证.app/Base.lproj/LaunchScreen.storyboardc/01J-lp-oVM-view-Ze5-6b-2t3.nib
2020-05-11 09:57:42 +0000  copying file ./Payload/一键验证.app/Base.lproj/LaunchScreen.storyboardc/UIViewController-01J-lp-oVM.nib ... 
2020-05-11 09:57:42 +0000  896 bytes for ./Payload/一键验证.app/Base.lproj/LaunchScreen.storyboardc/UIViewController-01J-lp-oVM.nib
copying file ./Payload/一键验证.app/Base.lproj/LaunchScreen.storyboardc/Info.plist ... 
2020-05-11 09:57:42 +0000  258 bytes for ./Payload/一键验证.app/Base.lproj/LaunchScreen.storyboardc/Info.plist
2020-05-11 09:57:42 +0000  copying file ./Payload/一键验证.app/Main.storyboardc/UIViewController-BYZ-38-t0r.nib ... 
2020-05-11 09:57:42 +0000  955 bytes for ./Payload/一键验证.app/Main.storyboardc/UIViewController-BYZ-38-t0r.nib
2020-05-11 09:57:42 +0000  copying file ./Payload/一键验证.app/Main.storyboardc/BYZ-38-t0r-view-8bC-Xf-vdC.nib ... 
2020-05-11 09:57:42 +0000  4053 bytes for ./Payload/一键验证.app/Main.storyboardc/BYZ-38-t0r-view-8bC-Xf-vdC.nib
2020-05-11 09:57:42 +0000  copying file ./Payload/一键验证.app/Main.storyboardc/Info.plist ... 
2020-05-11 09:57:42 +0000  258 bytes for ./Payload/一键验证.app/Main.storyboardc/Info.plist
copying file ./Payload/一键验证.app/一键验证 ... 
2020-05-11 09:57:42 +0000  5348752 bytes for ./Payload/一键验证.app/一键验证
copying file ./Payload/一键验证.app/Assets.car ... 
2020-05-11 09:57:42 +0000  9806927 bytes for ./Payload/一键验证.app/Assets.car
copying file ./Payload/一键验证.app/SVDemo.gif ... 
2020-05-11 09:57:42 +0000  466704 bytes for ./Payload/一键验证.app/SVDemo.gif
copying file ./Payload/一键验证.app/embedded.mobileprovision ... 
2020-05-11 09:57:42 +0000  7346 bytes for ./Payload/一键验证.app/embedded.mobileprovision
2020-05-11 09:57:42 +0000  copying file ./Payload/一键验证.app/SVProgressHUD.bundle/info.png ... 
2020-05-11 09:57:42 +0000  365 bytes for ./Payload/一键验证.app/SVProgressHUD.bundle/info.png
copying file ./Payload/一键验证.app/SVProgressHUD.bundle/error@3x.png ... 
398 bytes for ./Payload/一键验证.app/SVProgressHUD.bundle/error@3x.png
copying file ./Payload/一键验证.app/SVProgressHUD.bundle/error@2x.png ... 
2020-05-11 09:57:42 +0000  306 bytes for ./Payload/一键验证.app/SVProgressHUD.bundle/error@2x.png
copying file ./Payload/一键验证.app/SVProgressHUD.bundle/info@3x.png ... 
2020-05-11 09:57:42 +0000  1200 bytes for ./Payload/一键验证.app/SVProgressHUD.bundle/info@3x.png
copying file ./Payload/一键验证.app/SVProgressHUD.bundle/success@2x.png ... 
2020-05-11 09:57:42 +0000  462 bytes for ./Payload/一键验证.app/SVProgressHUD.bundle/success@2x.png
copying file ./Payload/一键验证.app/SVProgressHUD.bundle/success@3x.png ... 
2020-05-11 09:57:42 +0000  714 bytes for ./Payload/一键验证.app/SVProgressHUD.bundle/success@3x.png
copying file ./Payload/一键验证.app/SVProgressHUD.bundle/info@2x.png ... 
2020-05-11 09:57:42 +0000  816 bytes for ./Payload/一键验证.app/SVProgressHUD.bundle/info@2x.png
copying file ./Payload/一键验证.app/SVProgressHUD.bundle/error.png ... 
2020-05-11 09:57:42 +0000  184 bytes for ./Payload/一键验证.app/SVProgressHUD.bundle/error.png
copying file ./Payload/一键验证.app/SVProgressHUD.bundle/success.png ... 
262 bytes for ./Payload/一键验证.app/SVProgressHUD.bundle/success.png
2020-05-11 09:57:42 +0000  copying file ./Payload/一键验证.app/YjyzVerify.bundle/uncheck@3x.png ... 
885 bytes for ./Payload/一键验证.app/YjyzVerify.bundle/uncheck@3x.png
2020-05-11 09:57:42 +0000  copying file ./Payload/一键验证.app/YjyzVerify.bundle/back@3x.png ... 
344 bytes for ./Payload/一键验证.app/YjyzVerify.bundle/back@3x.png
copying file ./Payload/一键验证.app/YjyzVerify.bundle/icon@3x.png ... 
2020-05-11 09:57:42 +0000  32844 bytes for ./Payload/一键验证.app/YjyzVerify.bundle/icon@3x.png
copying file ./Payload/一键验证.app/YjyzVerify.bundle/close@3x.png ... 
2020-05-11 09:57:42 +0000  1056 bytes for ./Payload/一键验证.app/YjyzVerify.bundle/close@3x.png
copying file ./Payload/一键验证.app/YjyzVerify.bundle/che@3x.png ... 
2020-05-11 09:57:42 +0000  1948 bytes for ./Payload/一键验证.app/YjyzVerify.bundle/che@3x.png
copying file ./Payload/一键验证.app/Info.plist ... 
2020-05-11 09:57:42 +0000  1356 bytes for ./Payload/一键验证.app/Info.plist
copying file ./Payload/一键验证.app/PkgInfo ... 
2020-05-11 09:57:42 +0000  8 bytes for ./Payload/一键验证.app/PkgInfo
2020-05-11 09:57:42 +0000  /usr/bin/ditto exited with 0
2020-05-11 09:57:42 +0000  Processing step: IDEDistributionAppStoreInformationStep
2020-05-11 09:57:42 +0000  Skipping step: IDEDistributionAppStoreInformationStep because it said so
2020-05-11 09:57:42 +0000  Processing step: IDEDistributionGenerateProcessedDistributionItems
2020-05-11 09:57:42 +0000  Processing step: IDEDistributionCreateManifestStep
